SF:C:/Applications/xdojo/api/app/config/settings.js
DA:1,1
DA:3,1
DA:5,1
DA:33,1
end_of_record
SF:C:/Applications/xdojo/api/app/models/athlete.js
DA:1,1
DA:3,1
DA:5,3
end_of_record
SF:C:/Applications/xdojo/api/app.js
DA:1,1
DA:3,1
DA:4,1
DA:5,1
DA:6,1
DA:7,1
DA:8,1
DA:10,1
DA:11,1
DA:13,1
DA:15,1
DA:18,1
DA:19,1
DA:20,0
DA:24,0
DA:25,0
DA:27,0
DA:28,0
DA:32,1
DA:36,1
DA:37,0
end_of_record
SF:C:/Applications/xdojo/api/app/config/environment.js
DA:3,1
DA:5,1
DA:6,1
DA:7,1
DA:9,1
DA:10,1
DA:12,1
DA:13,1
DA:14,1
DA:15,1
DA:16,1
DA:19,1
DA:20,0
DA:23,1
DA:24,1
end_of_record
SF:C:/Applications/xdojo/api/app/models/index.js
DA:3,1
DA:5,1
DA:6,1
DA:7,1
DA:8,1
DA:10,1
DA:13,1
DA:22,1
DA:25,3
DA:28,2
DA:29,2
DA:32,1
DA:35,1
DA:36,0
end_of_record
SF:C:/Applications/xdojo/api/app/models/team.js
DA:1,1
DA:3,1
DA:4,1
end_of_record
SF:C:/Applications/xdojo/api/app/routes/athletes.js
DA:3,1
DA:5,1
DA:7,1
DA:8,1
DA:9,1
DA:11,1
DA:12,0
DA:14,1
DA:18,1
DA:19,2
DA:21,2
DA:22,0
DA:24,2
DA:25,1
DA:27,1
DA:31,1
DA:32,0
DA:33,0
DA:35,0
DA:36,0
DA:38,0
DA:42,1
DA:43,0
DA:45,0
DA:46,0
DA:48,0
DA:49,0
DA:50,0
DA:52,0
end_of_record
